<?xml version="1.0" encoding="UTF-8"?>
<!-- Generated by org.testng.reporters.JUnitReportReporter -->
<testsuite skipped="0" hostname="lynette" name="com.google.TestScripts.AbcenseTest" tests="1" failures="0" timestamp="20 May 2019 01:27:07 GMT" time="6.898" errors="0">
  <testcase name="verifyAbcenseTest" time="6.898" classname="com.google.TestScripts.AbcenseTest"/>
</testsuite> <!-- com.google.TestScripts.AbcenseTest -->
