<?xml version="1.0" encoding="UTF-8"?>
<!-- Generated by org.testng.reporters.JUnitReportReporter -->
<testsuite skipped="0" hostname="lynette" name="com.google.TestScripts.GoogleSearchTest" tests="1" failures="0" timestamp="19 May 2019 01:11:35 GMT" time="5.028" errors="0">
  <testcase name="verifyGoogleSearch" time="5.028" classname="com.google.TestScripts.GoogleSearchTest"/>
</testsuite> <!-- com.google.TestScripts.GoogleSearchTest -->
