<?xml version="1.0" encoding="UTF-8"?>
<!-- Generated by org.testng.reporters.JUnitReportReporter -->
<testsuite skipped="0" hostname="lynette" name="com.google.TestScripts.AcceptibleTest" tests="1" failures="0" timestamp="20 May 2019 01:30:42 GMT" time="4.725" errors="0">
  <testcase name="verifyGoogleSearch" time="4.725" classname="com.google.TestScripts.AcceptibleTest"/>
</testsuite> <!-- com.google.TestScripts.AcceptibleTest -->
