<?xml version="1.0" encoding="UTF-8"?>
<!-- Generated by org.testng.reporters.JUnitReportReporter -->
<testsuite skipped="0" hostname="lynette" name="com.google.TestScripts.MispellingTest" tests="1" failures="0" timestamp="20 May 2019 01:28:38 GMT" time="5.035" errors="0">
  <testcase name="verifyMispellingTest" time="5.035" classname="com.google.TestScripts.MispellingTest"/>
</testsuite> <!-- com.google.TestScripts.MispellingTest -->
