<?xml version="1.0" encoding="UTF-8"?>
<!-- Generated by org.testng.reporters.JUnitReportReporter -->
<testsuite skipped="0" hostname="lynette" name="com.google.TestScripts.AutoCompleteTest" tests="1" failures="0" timestamp="24 May 2019 02:27:06 GMT" time="7.457" errors="0">
  <testcase name="verifyAutoCompleteDropDown" time="7.457" classname="com.google.TestScripts.AutoCompleteTest"/>
</testsuite> <!-- com.google.TestScripts.AutoCompleteTest -->
