<?xml version="1.0" encoding="UTF-8"?>
<!-- Generated by org.testng.reporters.JUnitReportReporter -->
<testsuite skipped="0" hostname="lynette" name="com.google.TestScripts.SearchResultsTest" tests="1" failures="0" timestamp="20 May 2019 01:17:13 GMT" time="10.841" errors="0">
  <testcase name="verifySearchResults" time="10.841" classname="com.google.TestScripts.SearchResultsTest"/>
</testsuite> <!-- com.google.TestScripts.SearchResultsTest -->
