<?xml version="1.0" encoding="UTF-8"?>
<!-- Generated by org.testng.reporters.JUnitReportReporter -->
<testsuite skipped="0" hostname="lynette" name="com.google.TestScripts.UnderateTest" tests="1" failures="0" timestamp="20 May 2019 01:24:43 GMT" time="5.255" errors="0">
  <testcase name="verifyUnderateTest" time="5.255" classname="com.google.TestScripts.UnderateTest"/>
</testsuite> <!-- com.google.TestScripts.UnderateTest -->
